<?xml version="1.0" encoding="UTF-8"?>
<testsuite name="CinemaTests" tests="1" skipped="0" failures="0" errors="0" timestamp="2022-04-18T20:10:58" hostname="ALBERT" time="10.901">
  <properties/>
  <testcase name="start" classname="CinemaTests" time="10.901"/>
  <system-out><![CDATA[?[1;31m
Start test 1?[0m

  .   ____          _            __ _ _
 /\\ / ___'_ __ _ _(_)_ __  __ _ \ \ \ \
( ( )\___ | '_ | '_| | '_ \/ _` | \ \ \ \
 \\/  ___)| |_)| | | | | || (_| |  ) ) ) )
  '  |____| .__|_| |_|_| |_\__, | / / / /
 =========|_|==============|___/=/_/_/_/
 :: Spring Boot ::                (v2.5.6)

2022-04-18 16:11:00.266  INFO 13308 --- [    Test worker] cinema.Main                              : Starting Main using Java 17.0.2 on Albert with PID 13308 (started by lenovo in E:\java\master-class\Cinema Room REST Service\Cinema Room REST Service\task)
2022-04-18 16:11:00.275  INFO 13308 --- [    Test worker] cinema.Main                              : No active profile set, falling back to default profiles: default
2022-04-18 16:11:05.801  INFO 13308 --- [    Test worker] o.s.b.w.embedded.tomcat.TomcatWebServer  : Tomcat initialized with port(s): 28852 (http)
2022-04-18 16:11:05.824  INFO 13308 --- [    Test worker] o.apache.catalina.core.StandardService   : Starting service [Tomcat]
2022-04-18 16:11:05.825  INFO 13308 --- [    Test worker] org.apache.catalina.core.StandardEngine  : Starting Servlet engine: [Apache Tomcat/9.0.54]
2022-04-18 16:11:06.379  INFO 13308 --- [    Test worker] o.a.c.c.C.[Tomcat].[localhost].[/]       : Initializing Spring embedded WebApplicationContext
2022-04-18 16:11:06.379  INFO 13308 --- [    Test worker] w.s.c.ServletWebServerApplicationContext : Root WebApplicationContext: initialization completed in 3363 ms
2022-04-18 16:11:07.743  INFO 13308 --- [    Test worker] o.s.b.a.e.web.EndpointLinksResolver      : Exposing 14 endpoint(s) beneath base path '/actuator'
2022-04-18 16:11:07.889  INFO 13308 --- [    Test worker] o.s.b.w.embedded.tomcat.TomcatWebServer  : Tomcat started on port(s): 28852 (http) with context path ''
2022-04-18 16:11:07.923  INFO 13308 --- [    Test worker] cinema.Main                              : Started Main in 8.495 seconds (JVM running for 10.839)
2022-04-18 16:11:08.977  INFO 13308 --- [io-28852-exec-1] o.a.c.c.C.[Tomcat].[localhost].[/]       : Initializing Spring DispatcherServlet 'dispatcherServlet'
2022-04-18 16:11:08.978  INFO 13308 --- [io-28852-exec-1] o.s.web.servlet.DispatcherServlet        : Initializing Servlet 'dispatcherServlet'
2022-04-18 16:11:08.980  INFO 13308 --- [io-28852-exec-1] o.s.web.servlet.DispatcherServlet        : Completed initialization in 2 ms
?[1;31m
Start test 2?[0m
?[1;31m
Start test 3?[0m
row: 1
column: 1
?[1;31m
Start test 4?[0m
row: 1
column: 1
?[1;31m
Start test 5?[0m
row: 10
column: 1
row: 1
column: 10
row: -1
column: -1
?[1;31m
Start test 6?[0m
row: 2
column: 5
?[1;31m
Start test 7?[0m
?[1;31m
Start test 8?[0m
?[1;31m
Start test 9?[0m
row: 7
column: 4
?[1;31m
Start test 10?[0m
?[1;31m
Start test 11?[0m
?[1;31m
Start test 12?[0m
]]></system-out>
  <system-err><![CDATA[]]></system-err>
</testsuite>
